# Logfile created on 2017-04-04 12:26:51 -0300 by logger.rb/56815
D, [2017-04-04T12:30:51.815420 #11953] DEBUG -- :   [1m[36mPicture Load (0.2ms)[0m  [1m[34mSELECT  "pictures".* FROM "pictures" ORDER BY "pictures"."id" ASC LIMIT ?[0m  [["LIMIT", 1]]
D, [2017-04-04T12:33:20.336485 #12015] DEBUG -- :   [1m[35m (0.2ms)[0m  [1m[36mbegin transaction[0m
D, [2017-04-04T12:33:20.356396 #12015] DEBUG -- :   [1m[35mSQL (0.6ms)[0m  [1m[32mINSERT INTO "employees" ("name") VALUES (?)[0m  [["name", "Tomás"]]
D, [2017-04-04T12:33:20.363914 #12015] DEBUG -- :   [1m[35m (6.9ms)[0m  [1m[36mcommit transaction[0m
D, [2017-04-04T12:33:28.287215 #12015] DEBUG -- :   [1m[36mPicture Load (0.3ms)[0m  [1m[34mSELECT "pictures".* FROM "pictures" WHERE "pictures"."imageable_id" = ? AND "pictures"."imageable_type" = ?[0m  [["imageable_id", 1], ["imageable_type", "Employee"]]
D, [2017-04-04T12:34:02.546055 #12015] DEBUG -- :   [1m[35m (0.2ms)[0m  [1m[36mbegin transaction[0m
D, [2017-04-04T12:34:02.549308 #12015] DEBUG -- :   [1m[35mSQL (0.6ms)[0m  [1m[32mINSERT INTO "pictures" ("name", "imageable_type", "imageable_id", "created_at", "updated_at") VALUES (?, ?, ?, ?, ?)[0m  [["name", "my picture 1"], ["imageable_type", "Employee"], ["imageable_id", 1], ["created_at", 2017-04-04 15:34:02 UTC], ["updated_at", 2017-04-04 15:34:02 UTC]]
D, [2017-04-04T12:34:02.557828 #12015] DEBUG -- :   [1m[35m (7.8ms)[0m  [1m[36mcommit transaction[0m
D, [2017-04-04T12:34:03.958960 #12015] DEBUG -- :   [1m[35m (0.1ms)[0m  [1m[36mbegin transaction[0m
D, [2017-04-04T12:34:03.959848 #12015] DEBUG -- :   [1m[35m (0.1ms)[0m  [1m[36mcommit transaction[0m
D, [2017-04-04T12:34:06.863824 #12015] DEBUG -- :   [1m[35m (0.1ms)[0m  [1m[36mbegin transaction[0m
D, [2017-04-04T12:34:06.867340 #12015] DEBUG -- :   [1m[35mSQL (0.6ms)[0m  [1m[32mINSERT INTO "pictures" ("name", "imageable_type", "imageable_id", "created_at", "updated_at") VALUES (?, ?, ?, ?, ?)[0m  [["name", "my picture 2"], ["imageable_type", "Employee"], ["imageable_id", 1], ["created_at", 2017-04-04 15:34:06 UTC], ["updated_at", 2017-04-04 15:34:06 UTC]]
D, [2017-04-04T12:34:06.875615 #12015] DEBUG -- :   [1m[35m (7.6ms)[0m  [1m[36mcommit transaction[0m
D, [2017-04-04T12:34:30.072624 #12015] DEBUG -- :   [1m[35m (0.2ms)[0m  [1m[36mbegin transaction[0m
D, [2017-04-04T12:34:30.074965 #12015] DEBUG -- :   [1m[35mSQL (0.5ms)[0m  [1m[32mINSERT INTO "employees" ("name") VALUES (?)[0m  [["name", "Turbando"]]
D, [2017-04-04T12:34:30.077589 #12015] DEBUG -- :   [1m[35mSQL (0.4ms)[0m  [1m[32mINSERT INTO "pictures" ("name", "imageable_type", "imageable_id", "created_at", "updated_at") VALUES (?, ?, ?, ?, ?)[0m  [["name", "my picture 3"], ["imageable_type", "Employee"], ["imageable_id", 2], ["created_at", 2017-04-04 15:34:30 UTC], ["updated_at", 2017-04-04 15:34:30 UTC]]
D, [2017-04-04T12:34:30.079867 #12015] DEBUG -- :   [1m[35mSQL (0.3ms)[0m  [1m[32mINSERT INTO "pictures" ("name", "imageable_type", "imageable_id", "created_at", "updated_at") VALUES (?, ?, ?, ?, ?)[0m  [["name", "my picture 4"], ["imageable_type", "Employee"], ["imageable_id", 2], ["created_at", 2017-04-04 15:34:30 UTC], ["updated_at", 2017-04-04 15:34:30 UTC]]
D, [2017-04-04T12:34:30.088770 #12015] DEBUG -- :   [1m[35m (8.3ms)[0m  [1m[36mcommit transaction[0m
D, [2017-04-04T12:34:34.665970 #12015] DEBUG -- :   [1m[36mPicture Load (0.4ms)[0m  [1m[34mSELECT "pictures".* FROM "pictures"[0m
D, [2017-04-04T12:34:49.800810 #12015] DEBUG -- :   [1m[36mEmployee Load (0.3ms)[0m  [1m[34mSELECT  "employees".* FROM "employees" ORDER BY "employees"."id" ASC LIMIT ?[0m  [["LIMIT", 1]]
D, [2017-04-04T12:34:58.931887 #12015] DEBUG -- :   [1m[36mPicture Load (0.3ms)[0m  [1m[34mSELECT "pictures".* FROM "pictures" WHERE "pictures"."imageable_id" = ? AND "pictures"."imageable_type" = ?[0m  [["imageable_id", 1], ["imageable_type", "Employee"]]
D, [2017-04-04T12:36:30.632477 #12015] DEBUG -- :   [1m[35m (0.2ms)[0m  [1m[36mbegin transaction[0m
D, [2017-04-04T12:36:30.634205 #12015] DEBUG -- :   [1m[35mSQL (0.2ms)[0m  [1m[32mINSERT INTO "products" ("name", "created_at", "updated_at") VALUES (?, ?, ?)[0m  [["name", "Produto 1"], ["created_at", 2017-04-04 15:36:30 UTC], ["updated_at", 2017-04-04 15:36:30 UTC]]
D, [2017-04-04T12:36:30.635122 #12015] DEBUG -- :   [1m[35mSQL (0.1ms)[0m  [1m[32mINSERT INTO "pictures" ("name", "imageable_type", "imageable_id", "created_at", "updated_at") VALUES (?, ?, ?, ?, ?)[0m  [["name", "Meu produto 1"], ["imageable_type", "Product"], ["imageable_id", 1], ["created_at", 2017-04-04 15:36:30 UTC], ["updated_at", 2017-04-04 15:36:30 UTC]]
D, [2017-04-04T12:36:30.635855 #12015] DEBUG -- :   [1m[35mSQL (0.1ms)[0m  [1m[32mINSERT INTO "pictures" ("name", "imageable_type", "imageable_id", "created_at", "updated_at") VALUES (?, ?, ?, ?, ?)[0m  [["name", "Meu produto 2"], ["imageable_type", "Product"], ["imageable_id", 1], ["created_at", 2017-04-04 15:36:30 UTC], ["updated_at", 2017-04-04 15:36:30 UTC]]
D, [2017-04-04T12:36:30.643135 #12015] DEBUG -- :   [1m[35m (7.0ms)[0m  [1m[36mcommit transaction[0m
D, [2017-04-04T12:37:17.955600 #12015] DEBUG -- :   [1m[35m (0.2ms)[0m  [1m[36mbegin transaction[0m
D, [2017-04-04T12:37:17.958628 #12015] DEBUG -- :   [1m[35mSQL (0.5ms)[0m  [1m[32mINSERT INTO "products" ("name", "created_at", "updated_at") VALUES (?, ?, ?)[0m  [["name", "Escova para cachos de cabelos"], ["created_at", 2017-04-04 15:37:17 UTC], ["updated_at", 2017-04-04 15:37:17 UTC]]
D, [2017-04-04T12:37:17.961370 #12015] DEBUG -- :   [1m[35mSQL (0.4ms)[0m  [1m[32mINSERT INTO "pictures" ("name", "imageable_type", "imageable_id", "created_at", "updated_at") VALUES (?, ?, ?, ?, ?)[0m  [["name", "Escova 1"], ["imageable_type", "Product"], ["imageable_id", 2], ["created_at", 2017-04-04 15:37:17 UTC], ["updated_at", 2017-04-04 15:37:17 UTC]]
D, [2017-04-04T12:37:17.963473 #12015] DEBUG -- :   [1m[35mSQL (0.3ms)[0m  [1m[32mINSERT INTO "pictures" ("name", "imageable_type", "imageable_id", "created_at", "updated_at") VALUES (?, ?, ?, ?, ?)[0m  [["name", "Escova 2"], ["imageable_type", "Product"], ["imageable_id", 2], ["created_at", 2017-04-04 15:37:17 UTC], ["updated_at", 2017-04-04 15:37:17 UTC]]
D, [2017-04-04T12:37:17.972974 #12015] DEBUG -- :   [1m[35m (8.7ms)[0m  [1m[36mcommit transaction[0m
D, [2017-04-04T12:42:19.988082 #13953] DEBUG -- :   [1m[36mEmployee Load (0.9ms)[0m  [1m[34mSELECT "employees".* FROM "employees"[0m
D, [2017-04-04T12:42:35.256133 #13962] DEBUG -- :   [1m[36mEmployee Load (0.1ms)[0m  [1m[34mSELECT "employees".* FROM "employees" INNER JOIN "pictures" ON "pictures"."imageable_id" = "employees"."id" AND "pictures"."imageable_type" = ?[0m  [["imageable_type", "Employee"]]
D, [2017-04-04T12:43:04.245128 #13999] DEBUG -- :   [1m[36mEmployee Load (0.1ms)[0m  [1m[34mSELECT "employees".* FROM "employees" INNER JOIN "pictures" ON "pictures"."imageable_id" = "employees"."id" AND "pictures"."imageable_type" = ?[0m  [["imageable_type", "Employee"]]
D, [2017-04-04T12:44:05.766101 #14017] DEBUG -- :   [1m[36mEmployee Load (1.0ms)[0m  [1m[34mSELECT "employees".* FROM "employees"[0m
D, [2017-04-04T12:44:19.626280 #14038] DEBUG -- :   [1m[36mEmployee Load (1.2ms)[0m  [1m[34mSELECT "employees".* FROM "employees"[0m
D, [2017-04-04T12:44:51.485101 #14063] DEBUG -- :   [1m[36mEmployee Load (3.5ms)[0m  [1m[34mSELECT "employees".* FROM "employees"[0m
D, [2017-04-04T12:45:25.508193 #14083] DEBUG -- :   [1m[36mEmployee Load (0.9ms)[0m  [1m[34mSELECT "employees".* FROM "employees"[0m
D, [2017-04-04T12:45:36.794138 #14094] DEBUG -- :   [1m[36mEmployee Load (6.3ms)[0m  [1m[34mSELECT "employees".* FROM "employees"[0m
D, [2017-04-04T12:46:20.884779 #14129] DEBUG -- :   [1m[36mEmployee Load (0.9ms)[0m  [1m[34mSELECT "employees".* FROM "employees"[0m
D, [2017-04-04T12:46:36.400067 #14140] DEBUG -- :   [1m[36mEmployee Load (4.4ms)[0m  [1m[34mSELECT "employees".* FROM "employees"[0m
D, [2017-04-04T12:46:47.240156 #14140] DEBUG -- :   [1m[36mPicture Load (0.4ms)[0m  [1m[34mSELECT "pictures".* FROM "pictures" WHERE "pictures"."imageable_id" = ? AND "pictures"."imageable_type" = ?[0m  [["imageable_id", 1], ["imageable_type", "Employee"]]
D, [2017-04-04T12:48:54.045866 #14210] DEBUG -- :   [1m[36mEmployee Load (0.9ms)[0m  [1m[34mSELECT "employees".* FROM "employees"[0m
D, [2017-04-04T12:48:54.059079 #14210] DEBUG -- :   [1m[36mPicture Load (0.1ms)[0m  [1m[34mSELECT "pictures".* FROM "pictures" WHERE "pictures"."imageable_id" = ? AND "pictures"."imageable_type" = ?[0m  [["imageable_id", 1], ["imageable_type", "Employee"]]
D, [2017-04-04T12:48:54.064059 #14210] DEBUG -- :   [1m[36mPicture Load (0.1ms)[0m  [1m[34mSELECT "pictures".* FROM "pictures" WHERE "pictures"."imageable_id" = ? AND "pictures"."imageable_type" = ?[0m  [["imageable_id", 2], ["imageable_type", "Employee"]]
D, [2017-04-04T14:30:05.227445 #17309] DEBUG -- :   [1m[36mEmployee Load (1.0ms)[0m  [1m[34mSELECT "employees".* FROM "employees"[0m
D, [2017-04-04T14:30:05.253850 #17309] DEBUG -- :   [1m[36mPicture Load (0.2ms)[0m  [1m[34mSELECT "pictures".* FROM "pictures" WHERE "pictures"."imageable_id" = ? AND "pictures"."imageable_type" = ?[0m  [["imageable_id", 1], ["imageable_type", "Employee"]]
D, [2017-04-04T14:30:05.264326 #17309] DEBUG -- :   [1m[36mPicture Load (0.1ms)[0m  [1m[34mSELECT "pictures".* FROM "pictures" WHERE "pictures"."imageable_id" = ? AND "pictures"."imageable_type" = ?[0m  [["imageable_id", 2], ["imageable_type", "Employee"]]
D, [2017-04-04T14:32:56.091336 #17417] DEBUG -- :   [1m[35m (0.0ms)[0m  [1m[36mbegin transaction[0m
D, [2017-04-04T14:32:56.096034 #17417] DEBUG -- :   [1m[35mSQL (0.2ms)[0m  [1m[32mINSERT INTO "employees" ("name") VALUES (?)[0m  [["name", "Jeremias Jose do Nascimento"]]
D, [2017-04-04T14:32:56.103653 #17417] DEBUG -- :   [1m[35m (7.4ms)[0m  [1m[36mcommit transaction[0m
D, [2017-04-04T14:34:33.512247 #17462] DEBUG -- :   [1m[36mEmployee Load (0.9ms)[0m  [1m[34mSELECT "employees".* FROM "employees"[0m
D, [2017-04-04T14:34:33.525054 #17462] DEBUG -- :   [1m[36mPicture Load (0.1ms)[0m  [1m[34mSELECT "pictures".* FROM "pictures" WHERE "pictures"."imageable_id" = ? AND "pictures"."imageable_type" = ?[0m  [["imageable_id", 1], ["imageable_type", "Employee"]]
D, [2017-04-04T14:34:33.533155 #17462] DEBUG -- :   [1m[36mPicture Load (0.1ms)[0m  [1m[34mSELECT "pictures".* FROM "pictures" WHERE "pictures"."imageable_id" = ? AND "pictures"."imageable_type" = ?[0m  [["imageable_id", 2], ["imageable_type", "Employee"]]
D, [2017-04-04T14:34:33.534457 #17462] DEBUG -- :   [1m[36mPicture Load (0.0ms)[0m  [1m[34mSELECT "pictures".* FROM "pictures" WHERE "pictures"."imageable_id" = ? AND "pictures"."imageable_type" = ?[0m  [["imageable_id", 3], ["imageable_type", "Employee"]]
D, [2017-04-04T14:35:03.372957 #17491] DEBUG -- :   [1m[36mEmployee Load (0.1ms)[0m  [1m[34mSELECT  "employees".* FROM "employees" WHERE "employees"."id" = ? LIMIT ?[0m  [["id", 3], ["LIMIT", 1]]
D, [2017-04-04T14:35:49.005699 #17512] DEBUG -- :   [1m[36mEmployee Load (0.1ms)[0m  [1m[34mSELECT  "employees".* FROM "employees" WHERE "employees"."id" = ? LIMIT ?[0m  [["id", 3], ["LIMIT", 1]]
D, [2017-04-04T14:35:49.017303 #17512] DEBUG -- :   [1m[36mPicture Load (0.1ms)[0m  [1m[34mSELECT "pictures".* FROM "pictures" WHERE "pictures"."imageable_id" = ? AND "pictures"."imageable_type" = ?[0m  [["imageable_id", 3], ["imageable_type", "Employee"]]
D, [2017-04-04T14:35:58.713051 #17523] DEBUG -- :   [1m[36mEmployee Load (0.2ms)[0m  [1m[34mSELECT  "employees".* FROM "employees" WHERE "employees"."id" = ? LIMIT ?[0m  [["id", 3], ["LIMIT", 1]]
D, [2017-04-04T14:35:58.724520 #17523] DEBUG -- :   [1m[36mPicture Load (0.1ms)[0m  [1m[34mSELECT "pictures".* FROM "pictures" WHERE "pictures"."imageable_id" = ? AND "pictures"."imageable_type" = ?[0m  [["imageable_id", 3], ["imageable_type", "Employee"]]
D, [2017-04-04T14:36:08.588896 #17532] DEBUG -- :   [1m[36mEmployee Load (0.1ms)[0m  [1m[34mSELECT  "employees".* FROM "employees" WHERE "employees"."id" = ? LIMIT ?[0m  [["id", 3], ["LIMIT", 1]]
D, [2017-04-04T14:36:08.599832 #17532] DEBUG -- :   [1m[36mPicture Load (0.1ms)[0m  [1m[34mSELECT "pictures".* FROM "pictures" WHERE "pictures"."imageable_id" = ? AND "pictures"."imageable_type" = ?[0m  [["imageable_id", 3], ["imageable_type", "Employee"]]
D, [2017-04-04T14:36:42.959490 #17556] DEBUG -- :   [1m[36mEmployee Load (0.1ms)[0m  [1m[34mSELECT  "employees".* FROM "employees" WHERE "employees"."id" = ? LIMIT ?[0m  [["id", 3], ["LIMIT", 1]]
D, [2017-04-04T14:36:42.970592 #17556] DEBUG -- :   [1m[36mPicture Load (0.2ms)[0m  [1m[34mSELECT "pictures".* FROM "pictures" WHERE "pictures"."imageable_id" = ? AND "pictures"."imageable_type" = ?[0m  [["imageable_id", 3], ["imageable_type", "Employee"]]
D, [2017-04-04T14:36:48.420014 #17576] DEBUG -- :   [1m[36mEmployee Load (0.1ms)[0m  [1m[34mSELECT  "employees".* FROM "employees" WHERE "employees"."id" = ? LIMIT ?[0m  [["id", 2], ["LIMIT", 1]]
D, [2017-04-04T14:36:48.435262 #17576] DEBUG -- :   [1m[36mPicture Load (0.2ms)[0m  [1m[34mSELECT "pictures".* FROM "pictures" WHERE "pictures"."imageable_id" = ? AND "pictures"."imageable_type" = ?[0m  [["imageable_id", 2], ["imageable_type", "Employee"]]
D, [2017-04-04T14:37:07.826656 #17591] DEBUG -- :   [1m[36mEmployee Load (0.1ms)[0m  [1m[34mSELECT  "employees".* FROM "employees" WHERE "employees"."id" = ? LIMIT ?[0m  [["id", 2], ["LIMIT", 1]]
D, [2017-04-04T14:37:07.837641 #17591] DEBUG -- :   [1m[36mPicture Load (0.1ms)[0m  [1m[34mSELECT "pictures".* FROM "pictures" WHERE "pictures"."imageable_id" = ? AND "pictures"."imageable_type" = ?[0m  [["imageable_id", 2], ["imageable_type", "Employee"]]
D, [2017-04-04T14:37:10.205302 #17600] DEBUG -- :   [1m[36mEmployee Load (0.9ms)[0m  [1m[34mSELECT "employees".* FROM "employees"[0m
D, [2017-04-04T14:37:44.331073 #17613] DEBUG -- :   [1m[36mEmployee Load (0.9ms)[0m  [1m[34mSELECT "employees".* FROM "employees"[0m
D, [2017-04-04T14:37:44.344636 #17613] DEBUG -- :   [1m[36mPicture Load (0.2ms)[0m  [1m[34mSELECT "pictures".* FROM "pictures" WHERE "pictures"."imageable_id" = ? AND "pictures"."imageable_type" = ?[0m  [["imageable_id", 1], ["imageable_type", "Employee"]]
D, [2017-04-04T14:37:44.349911 #17613] DEBUG -- :   [1m[36mPicture Load (0.1ms)[0m  [1m[34mSELECT "pictures".* FROM "pictures" WHERE "pictures"."imageable_id" = ? AND "pictures"."imageable_type" = ?[0m  [["imageable_id", 2], ["imageable_type", "Employee"]]
D, [2017-04-04T14:37:44.350953 #17613] DEBUG -- :   [1m[36mPicture Load (0.0ms)[0m  [1m[34mSELECT "pictures".* FROM "pictures" WHERE "pictures"."imageable_id" = ? AND "pictures"."imageable_type" = ?[0m  [["imageable_id", 3], ["imageable_type", "Employee"]]
D, [2017-04-04T14:37:56.943854 #17632] DEBUG -- :   [1m[36mEmployee Load (0.9ms)[0m  [1m[34mSELECT  "employees".* FROM "employees" LIMIT ?[0m  [["LIMIT", 1]]
D, [2017-04-04T14:37:56.959068 #17632] DEBUG -- :   [1m[36mPicture Load (0.1ms)[0m  [1m[34mSELECT "pictures".* FROM "pictures" WHERE "pictures"."imageable_id" = ? AND "pictures"."imageable_type" = ?[0m  [["imageable_id", 1], ["imageable_type", "Employee"]]
D, [2017-04-04T14:39:19.870828 #17683] DEBUG -- :   [1m[36mEmployee Load (0.9ms)[0m  [1m[34mSELECT "employees".* FROM "employees"[0m
D, [2017-04-04T14:39:19.883710 #17683] DEBUG -- :   [1m[36mPicture Load (0.1ms)[0m  [1m[34mSELECT "pictures".* FROM "pictures" WHERE "pictures"."imageable_id" = ? AND "pictures"."imageable_type" = ?[0m  [["imageable_id", 1], ["imageable_type", "Employee"]]
D, [2017-04-04T14:39:19.888620 #17683] DEBUG -- :   [1m[36mPicture Load (0.1ms)[0m  [1m[34mSELECT "pictures".* FROM "pictures" WHERE "pictures"."imageable_id" = ? AND "pictures"."imageable_type" = ?[0m  [["imageable_id", 2], ["imageable_type", "Employee"]]
D, [2017-04-04T14:39:19.889838 #17683] DEBUG -- :   [1m[36mPicture Load (0.1ms)[0m  [1m[34mSELECT "pictures".* FROM "pictures" WHERE "pictures"."imageable_id" = ? AND "pictures"."imageable_type" = ?[0m  [["imageable_id", 3], ["imageable_type", "Employee"]]
D, [2017-04-04T14:39:43.803456 #17705] DEBUG -- :   [1m[36mEmployee Load (0.1ms)[0m  [1m[34mSELECT  "employees".* FROM "employees" WHERE "employees"."id" = ? LIMIT ?[0m  [["id", 3], ["LIMIT", 1]]
D, [2017-04-04T14:39:43.805382 #17705] DEBUG -- :   [1m[35m (0.0ms)[0m  [1m[36mbegin transaction[0m
D, [2017-04-04T14:39:43.806576 #17705] DEBUG -- :   [1m[35mSQL (0.2ms)[0m  [1m[33mUPDATE "employees" SET "name" = ? WHERE "employees"."id" = ?[0m  [["name", "Jeremias"], ["id", 3]]
D, [2017-04-04T14:39:43.814315 #17705] DEBUG -- :   [1m[35m (7.5ms)[0m  [1m[36mcommit transaction[0m
D, [2017-04-04T14:39:43.824681 #17705] DEBUG -- :   [1m[36mPicture Load (0.2ms)[0m  [1m[34mSELECT "pictures".* FROM "pictures" WHERE "pictures"."imageable_id" = ? AND "pictures"."imageable_type" = ?[0m  [["imageable_id", 3], ["imageable_type", "Employee"]]
D, [2017-04-04T14:41:02.185282 #17732] DEBUG -- :   [1m[36mEmployee Load (0.2ms)[0m  [1m[34mSELECT  "employees".* FROM "employees" WHERE "employees"."id" = ? LIMIT ?[0m  [["id", 3], ["LIMIT", 1]]
D, [2017-04-04T14:41:02.187386 #17732] DEBUG -- :   [1m[35m (0.0ms)[0m  [1m[36mbegin transaction[0m
D, [2017-04-04T14:41:02.188100 #17732] DEBUG -- :   [1m[35m (0.0ms)[0m  [1m[36mcommit transaction[0m
D, [2017-04-04T14:41:02.197514 #17732] DEBUG -- :   [1m[36mPicture Load (0.1ms)[0m  [1m[34mSELECT "pictures".* FROM "pictures" WHERE "pictures"."imageable_id" = ? AND "pictures"."imageable_type" = ?[0m  [["imageable_id", 3], ["imageable_type", "Employee"]]
D, [2017-04-04T14:41:29.396905 #17741] DEBUG -- :   [1m[36mEmployee Load (0.1ms)[0m  [1m[34mSELECT  "employees".* FROM "employees" WHERE "employees"."id" = ? LIMIT ?[0m  [["id", 3], ["LIMIT", 1]]
D, [2017-04-04T14:41:29.398794 #17741] DEBUG -- :   [1m[35m (0.0ms)[0m  [1m[36mbegin transaction[0m
D, [2017-04-04T14:41:29.399465 #17741] DEBUG -- :   [1m[35m (0.0ms)[0m  [1m[36mcommit transaction[0m
D, [2017-04-04T14:41:29.408436 #17741] DEBUG -- :   [1m[36mPicture Load (0.1ms)[0m  [1m[34mSELECT "pictures".* FROM "pictures" WHERE "pictures"."imageable_id" = ? AND "pictures"."imageable_type" = ?[0m  [["imageable_id", 3], ["imageable_type", "Employee"]]
D, [2017-04-04T14:41:34.551314 #17750] DEBUG -- :   [1m[36mEmployee Load (0.1ms)[0m  [1m[34mSELECT  "employees".* FROM "employees" WHERE "employees"."id" = ? LIMIT ?[0m  [["id", 3], ["LIMIT", 1]]
D, [2017-04-04T14:41:34.553134 #17750] DEBUG -- :   [1m[35m (0.0ms)[0m  [1m[36mbegin transaction[0m
D, [2017-04-04T14:41:34.554350 #17750] DEBUG -- :   [1m[35mSQL (0.2ms)[0m  [1m[33mUPDATE "employees" SET "name" = ? WHERE "employees"."id" = ?[0m  [["name", "Jere"], ["id", 3]]
D, [2017-04-04T14:41:34.561840 #17750] DEBUG -- :   [1m[35m (7.3ms)[0m  [1m[36mcommit transaction[0m
D, [2017-04-04T14:41:34.571242 #17750] DEBUG -- :   [1m[36mPicture Load (0.1ms)[0m  [1m[34mSELECT "pictures".* FROM "pictures" WHERE "pictures"."imageable_id" = ? AND "pictures"."imageable_type" = ?[0m  [["imageable_id", 3], ["imageable_type", "Employee"]]
D, [2017-04-04T14:42:35.270602 #17763] DEBUG -- :   [1m[36mEmployee Load (0.9ms)[0m  [1m[34mSELECT "employees".* FROM "employees"[0m
D, [2017-04-04T14:42:35.283376 #17763] DEBUG -- :   [1m[36mPicture Load (0.2ms)[0m  [1m[34mSELECT "pictures".* FROM "pictures" WHERE "pictures"."imageable_id" = ? AND "pictures"."imageable_type" = ?[0m  [["imageable_id", 1], ["imageable_type", "Employee"]]
D, [2017-04-04T14:42:35.290687 #17763] DEBUG -- :   [1m[36mPicture Load (0.1ms)[0m  [1m[34mSELECT "pictures".* FROM "pictures" WHERE "pictures"."imageable_id" = ? AND "pictures"."imageable_type" = ?[0m  [["imageable_id", 2], ["imageable_type", "Employee"]]
D, [2017-04-04T14:42:35.291759 #17763] DEBUG -- :   [1m[36mPicture Load (0.0ms)[0m  [1m[34mSELECT "pictures".* FROM "pictures" WHERE "pictures"."imageable_id" = ? AND "pictures"."imageable_type" = ?[0m  [["imageable_id", 3], ["imageable_type", "Employee"]]
D, [2017-04-04T14:42:41.819977 #17773] DEBUG -- :   [1m[35m (0.0ms)[0m  [1m[36mbegin transaction[0m
D, [2017-04-04T14:42:41.824750 #17773] DEBUG -- :   [1m[35mSQL (0.2ms)[0m  [1m[32mINSERT INTO "employees" ("name") VALUES (?)[0m  [["name", "My name"]]
D, [2017-04-04T14:42:41.832032 #17773] DEBUG -- :   [1m[35m (7.0ms)[0m  [1m[36mcommit transaction[0m
D, [2017-04-04T14:42:41.842030 #17773] DEBUG -- :   [1m[36mPicture Load (0.1ms)[0m  [1m[34mSELECT "pictures".* FROM "pictures" WHERE "pictures"."imageable_id" = ? AND "pictures"."imageable_type" = ?[0m  [["imageable_id", 4], ["imageable_type", "Employee"]]
D, [2017-04-04T14:43:00.291208 #17790] DEBUG -- :   [1m[36mEmployee Load (0.1ms)[0m  [1m[34mSELECT  "employees".* FROM "employees" WHERE "employees"."id" = ? LIMIT ?[0m  [["id", 3], ["LIMIT", 1]]
D, [2017-04-04T14:43:00.293070 #17790] DEBUG -- :   [1m[35m (0.0ms)[0m  [1m[36mbegin transaction[0m
D, [2017-04-04T14:43:00.294178 #17790] DEBUG -- :   [1m[35mSQL (0.2ms)[0m  [1m[33mUPDATE "employees" SET "name" = ? WHERE "employees"."id" = ?[0m  [["name", "Adoildo"], ["id", 3]]
D, [2017-04-04T14:43:00.302497 #17790] DEBUG -- :   [1m[35m (8.1ms)[0m  [1m[36mcommit transaction[0m
D, [2017-04-04T14:43:00.311980 #17790] DEBUG -- :   [1m[36mPicture Load (0.1ms)[0m  [1m[34mSELECT "pictures".* FROM "pictures" WHERE "pictures"."imageable_id" = ? AND "pictures"."imageable_type" = ?[0m  [["imageable_id", 3], ["imageable_type", "Employee"]]
D, [2017-04-04T14:52:31.048713 #18190] DEBUG -- :   [1m[36mEmployee Load (0.2ms)[0m  [1m[34mSELECT  "employees".* FROM "employees" WHERE "employees"."id" = ? LIMIT ?[0m  [["id", 3], ["LIMIT", 1]]
D, [2017-04-04T14:52:31.050632 #18190] DEBUG -- :   [1m[35m (0.0ms)[0m  [1m[36mbegin transaction[0m
D, [2017-04-04T14:52:31.051761 #18190] DEBUG -- :   [1m[35mSQL (0.2ms)[0m  [1m[33mUPDATE "employees" SET "name" = ? WHERE "employees"."id" = ?[0m  [["name", "Adoildon"], ["id", 3]]
D, [2017-04-04T14:52:31.060289 #18190] DEBUG -- :   [1m[35m (8.3ms)[0m  [1m[36mcommit transaction[0m
D, [2017-04-04T14:52:41.293869 #18204] DEBUG -- :   [1m[36mEmployee Load (0.1ms)[0m  [1m[34mSELECT  "employees".* FROM "employees" WHERE "employees"."id" = ? LIMIT ?[0m  [["id", 3], ["LIMIT", 1]]
D, [2017-04-04T14:52:41.295673 #18204] DEBUG -- :   [1m[35m (0.0ms)[0m  [1m[36mbegin transaction[0m
D, [2017-04-04T14:52:41.296332 #18204] DEBUG -- :   [1m[35m (0.0ms)[0m  [1m[36mcommit transaction[0m
D, [2017-04-04T14:52:41.305234 #18204] DEBUG -- :   [1m[36mPicture Load (0.1ms)[0m  [1m[34mSELECT "pictures".* FROM "pictures" WHERE "pictures"."imageable_id" = ? AND "pictures"."imageable_type" = ?[0m  [["imageable_id", 3], ["imageable_type", "Employee"]]
D, [2017-04-04T14:54:04.523394 #18255] DEBUG -- :   [1m[36mEmployee Load (0.1ms)[0m  [1m[34mSELECT  "employees".* FROM "employees" WHERE "employees"."id" = ? LIMIT ?[0m  [["id", 3], ["LIMIT", 1]]
D, [2017-04-04T14:54:04.536618 #18255] DEBUG -- :   [1m[36mPicture Load (0.2ms)[0m  [1m[34mSELECT "pictures".* FROM "pictures" WHERE "pictures"."imageable_id" = ? AND "pictures"."imageable_type" = ?[0m  [["imageable_id", 3], ["imageable_type", "Employee"]]
D, [2017-04-04T14:54:07.872305 #18268] DEBUG -- :   [1m[36mEmployee Load (0.1ms)[0m  [1m[34mSELECT  "employees".* FROM "employees" WHERE "employees"."id" = ? LIMIT ?[0m  [["id", 2], ["LIMIT", 1]]
D, [2017-04-04T14:54:07.885762 #18268] DEBUG -- :   [1m[36mPicture Load (0.2ms)[0m  [1m[34mSELECT "pictures".* FROM "pictures" WHERE "pictures"."imageable_id" = ? AND "pictures"."imageable_type" = ?[0m  [["imageable_id", 2], ["imageable_type", "Employee"]]
D, [2017-04-04T15:09:44.051370 #19449] DEBUG -- :   [1m[36mEmployee Load (0.1ms)[0m  [1m[34mSELECT  "employees".* FROM "employees" WHERE "employees"."id" = ? LIMIT ?[0m  [["id", 2], ["LIMIT", 1]]
D, [2017-04-04T15:09:44.063643 #19449] DEBUG -- :   [1m[36mPicture Load (0.1ms)[0m  [1m[34mSELECT "pictures".* FROM "pictures" WHERE "pictures"."imageable_id" = ? AND "pictures"."imageable_type" = ?[0m  [["imageable_id", 2], ["imageable_type", "Employee"]]
